{
  "RSpec": {
    "coverage": {
      "/home/main/Projects/Turing/BookClub/config/environment.rb": [
        null,
        1,
        null,
        null,
        1
      ],
      "/home/main/Projects/Turing/BookClub/config/application.rb": [
        1,
        null,
        1,
        null,
        null,
        null,
        1,
        null,
        1,
        1,
        null,
        1,
        null,
        null,
        null,
        null,
        null,
        null,
        null
      ],
      "/home/main/Projects/Turing/BookClub/config/boot.rb": [
        1,
        null,
        1,
        1
      ],
      "/home/main/Projects/Turing/BookClub/config/environments/test.rb": [
        1,
        null,
        null,
        null,
        null,
        null,
        null,
        1,
        null,
        null,
        null,
        null,
        1,
        null,
        null,
        1,
        1,
        null,
        null,
        null,
        null,
        1,
        1,
        null,
        null,
        1,
        null,
        null,
        1,
        null,
        null,
        1,
        null,
        1,
        null,
        null,
        null,
        null,
        1,
        null,
        null,
        1,
        null,
        null,
        null,
        null
      ],
      "/home/main/Projects/Turing/BookClub/config/initializers/application_controller_renderer.rb": [
        null,
        null,
        null,
        null,
        null,
        null,
        null,
        null
      ],
      "/home/main/Projects/Turing/BookClub/config/initializers/assets.rb": [
        null,
        null,
        null,
        1,
        null,
        null,
        null,
        null,
        1,
        null,
        null,
        null,
        null,
        null
      ],
      "/home/main/Projects/Turing/BookClub/config/initializers/backtrace_silencers.rb": [
        null,
        null,
        null,
        null,
        null,
        null,
        null
      ],
      "/home/main/Projects/Turing/BookClub/config/initializers/content_security_policy.rb": [
        null,
        null,
        null,
        null,
        null,
        null,
        null,
        null,
        null,
        null,
        null,
        null,
        null,
        null,
        null,
        null,
        null,
        null,
        null,
        null,
        null,
        null,
        null,
        null,
        null
      ],
      "/home/main/Projects/Turing/BookClub/config/initializers/cookies_serializer.rb": [
        null,
        null,
        null,
        null,
        1
      ],
      "/home/main/Projects/Turing/BookClub/config/initializers/filter_parameter_logging.rb": [
        null,
        null,
        null,
        1
      ],
      "/home/main/Projects/Turing/BookClub/config/initializers/inflections.rb": [
        null,
        null,
        null,
        null,
        null,
        null,
        null,
        null,
        null,
        null,
        null,
        null,
        null,
        null,
        null,
        null
      ],
      "/home/main/Projects/Turing/BookClub/config/initializers/mime_types.rb": [
        null,
        null,
        null,
        null
      ],
      "/home/main/Projects/Turing/BookClub/config/initializers/wrap_parameters.rb": [
        null,
        null,
        null,
        null,
        null,
        null,
        1,
        2,
        null,
        null,
        null,
        null,
        null,
        null
      ],
      "/home/main/Projects/Turing/BookClub/config/routes.rb": [
        1,
        1,
        null,
        1,
        1,
        1,
        1,
        null
      ],
      "/home/main/Projects/Turing/BookClub/app/helpers/application_helper.rb": [
        1,
        null
      ],
      "/home/main/Projects/Turing/BookClub/app/models/book.rb": [
        1,
        1,
        1,
        1,
        null,
        null,
        1,
        50,
        50,
        10,
        null,
        null,
        1,
        50,
        null,
        null,
        1,
        0,
        null,
        null,
        1,
        0,
        null,
        null,
        1,
        54,
        null,
        null,
        1,
        1,
        1,
        null,
        0,
        null,
        null,
        null,
        1,
        0,
        0,
        0,
        0,
        null,
        null,
        null,
        1,
        0,
        0,
        null,
        0,
        null,
        null,
        null,
        1,
        9,
        null,
        null,
        1,
        9,
        null,
        null,
        1,
        0,
        null,
        null,
        null
      ],
      "/home/main/Projects/Turing/BookClub/app/models/application_record.rb": [
        1,
        1,
        null
      ],
      "/home/main/Projects/Turing/BookClub/app/models/author.rb": [
        1,
        1,
        1,
        null
      ],
      "/home/main/Projects/Turing/BookClub/app/models/user.rb": [
        1,
        1,
        null,
        1,
        0,
        null,
        null,
        1,
        0,
        null,
        null
      ],
      "/home/main/Projects/Turing/BookClub/app/models/author_book.rb": [
        1,
        1,
        1,
        null
      ],
      "/home/main/Projects/Turing/BookClub/app/models/review.rb": [
        1,
        null,
        1,
        1,
        null,
        1,
        100,
        100,
        null,
        100,
        100,
        100,
        100,
        0,
        0,
        0,
        0,
        null,
        100,
        null,
        null,
        1,
        null,
        null,
        null
      ],
      "/home/main/Projects/Turing/BookClub/app/controllers/books_controller.rb": [
        1,
        1,
        9,
        1,
        8,
        0,
        8,
        0,
        8,
        0,
        8,
        0,
        8,
        0,
        null,
        8,
        null,
        9,
        9,
        9,
        9,
        45,
        45,
        18,
        18,
        9,
        null,
        45,
        null,
        null,
        9,
        9,
        9,
        null,
        null,
        9,
        9,
        null,
        null,
        1,
        0,
        null,
        null,
        1,
        0,
        0,
        null,
        null,
        1,
        null,
        null,
        1,
        0,
        0,
        0,
        null,
        0,
        0,
        0,
        null,
        0,
        null,
        null
      ],
      "/home/main/Projects/Turing/BookClub/app/controllers/application_controller.rb": [
        1,
        null
      ],
      "/home/main/Projects/Turing/BookClub/app/controllers/authors_controller.rb": [
        1,
        1,
        null,
        1,
        1,
        1,
        1,
        1,
        5,
        5,
        2,
        2,
        1,
        null,
        5,
        null,
        null,
        null,
        1,
        null,
        null,
        1,
        0,
        null,
        null,
        1,
        0,
        0,
        null,
        null
      ],
      "/home/main/Projects/Turing/BookClub/app/controllers/users_controller.rb": [
        1,
        1,
        null,
        1,
        1,
        1,
        1,
        1,
        1,
        1,
        1,
        0,
        0,
        null,
        1,
        null,
        null,
        null,
        1,
        null,
        null,
        1,
        0,
        0,
        0,
        null,
        null,
        null
      ]
    },
    "timestamp": 1557867419
  }
}
